<?xml version="1.0" encoding="UTF-8"?>
<testng-results ignored="0" total="1" passed="1" failed="0" skipped="0">
  <reporter-output>
  </reporter-output>
  <suite started-at="2023-06-09T18:03:05 IST" name="Default suite" finished-at="2023-06-09T18:03:10 IST" duration-ms="4789">
    <groups>
    </groups>
    <test started-at="2023-06-09T18:03:05 IST" name="Default test" finished-at="2023-06-09T18:03:10 IST" duration-ms="4789">
      <class name="com.automation_RestAPI_TestCases.POST_API_Request_Using_Pojos">
        <test-method signature="postAPIRequest()[pri:0, instance:com.automation_RestAPI_TestCases.POST_API_Request_Using_Pojos@7c24b813]" started-at="2023-06-09T18:03:05 IST" name="postAPIRequest" finished-at="2023-06-09T18:03:10 IST" duration-ms="4735" status="PASS">
          <reporter-output>
          </reporter-output>
        </test-method> <!-- postAPIRequest -->
      </class> <!-- com.automation_RestAPI_TestCases.POST_API_Request_Using_Pojos -->
    </test> <!-- Default test -->
  </suite> <!-- Default suite -->
</testng-results>
